<?xml version="1.0" encoding="UTF-8"?>
<!-- Generated by org.testng.reporters.JUnitReportReporter -->
<testsuite hostname="DESKTOP-U77UADM" failures="0" tests="1" name="practice.selenium.Basic_automation.openUrl" time="2.105" errors="0" timestamp="2025-01-28T17:40:14 BDT" skipped="0">
  <testcase classname="practice.selenium.Basic_automation.openUrl" name="open" time="2.105"/>
</testsuite> <!-- practice.selenium.Basic_automation.openUrl -->
