<?xml version="1.0" encoding="UTF-8"?>
<!-- Generated by org.testng.reporters.JUnitReportReporter -->
<testsuite hostname="DESKTOP-U77UADM" failures="0" tests="1" name="practice.selenium.Basic_automation.locator" time="3.220" errors="0" timestamp="2025-01-28T18:07:48 BDT" skipped="0">
  <testcase classname="practice.selenium.Basic_automation.locator" name="locatorByClass" time="3.220"/>
</testsuite> <!-- practice.selenium.Basic_automation.locator -->
