<?xml version="1.0" encoding="UTF-8"?>
<!-- Generated by org.testng.reporters.JUnitReportReporter -->
<testsuite hostname="DESKTOP-U77UADM" failures="0" tests="1" name="com.bayzid.locator.locateByTagName" time="2.097" errors="0" timestamp="2025-01-28T20:04:28 BDT" skipped="0">
  <testcase classname="com.bayzid.locator.locateByTagName" name="locatorByTagName" time="2.097"/>
</testsuite> <!-- com.bayzid.locator.locateByTagName -->
