<?xml version="1.0" encoding="UTF-8"?>
<!-- Generated by org.testng.reporters.JUnitReportReporter -->
<testsuite hostname="DESKTOP-U77UADM" failures="0" tests="1" name="com.bayzid.locator.locateByText" time="3.514" errors="0" timestamp="2025-01-28T18:54:51 BDT" skipped="0">
  <testcase classname="com.bayzid.locator.locateByText" name="locatorByPartialText" time="3.514"/>
</testsuite> <!-- com.bayzid.locator.locateByText -->
