<?xml version="1.0" encoding="UTF-8"?>
<!-- Generated by org.testng.reporters.JUnitReportReporter -->
<testsuite hostname="DESKTOP-U77UADM" failures="0" tests="1" name="com.bayzid.locator.locateByName" time="2.327" errors="0" timestamp="2025-01-28T18:40:19 BDT" skipped="0">
  <testcase classname="com.bayzid.locator.locateByName" name="locatorByClass" time="2.327"/>
</testsuite> <!-- com.bayzid.locator.locateByName -->
