<?xml version="1.0" encoding="UTF-8"?>
<!-- Generated by org.testng.reporters.JUnitReportReporter -->
<testsuite hostname="DESKTOP-U77UADM" failures="0" tests="1" name="com.bayzid.locator.locateByXpath" time="4.761" errors="0" timestamp="2025-01-29T19:29:10 BDT" skipped="0">
  <testcase classname="com.bayzid.locator.locateByXpath" name="locatorByXPath" time="4.761"/>
</testsuite> <!-- com.bayzid.locator.locateByXpath -->
