<?xml version="1.0" encoding="UTF-8"?>
<!-- Generated by org.testng.reporters.JUnitReportReporter -->
<testsuite hostname="DESKTOP-U77UADM" failures="0" tests="2" name="com.bayzid.locator.someLocator" time="14.142" errors="0" timestamp="2025-01-31T11:24:25 BDT" skipped="0">
  <testcase classname="com.bayzid.locator.someLocator" name="Some_locator" time="12.854"/>
  <testcase classname="com.bayzid.locator.someLocator" name="SecondClass" time="1.288"/>
</testsuite> <!-- com.bayzid.locator.someLocator -->
