<?xml version="1.0" encoding="UTF-8"?>
<!-- Generated by org.testng.reporters.JUnitReportReporter -->
<testsuite hostname="DESKTOP-U77UADM" failures="0" tests="1" name="com.bayzid.locator.locateByCssSelector" time="27.676" errors="0" timestamp="2025-01-28T19:10:01 BDT" skipped="0">
  <testcase classname="com.bayzid.locator.locateByCssSelector" name="locatorByCss" time="27.676"/>
</testsuite> <!-- com.bayzid.locator.locateByCssSelector -->
