<?xml version="1.0" encoding="UTF-8"?>
<!-- Generated by org.testng.reporters.JUnitReportReporter -->
<testsuite hostname="DESKTOP-U77UADM" failures="0" tests="1" name="com.bayzid.locator.locateById" time="2.684" errors="0" timestamp="2025-01-28T18:38:10 BDT" skipped="0">
  <testcase classname="com.bayzid.locator.locateById" name="locatorByClass" time="2.684"/>
</testsuite> <!-- com.bayzid.locator.locateById -->
